2016/07/15 14:20:16 [error] [exception.CHttpException.404] CHttpException: The system is unable to find the requested action "task". in /var/www/html/task_books_yii1/framework/web/CController.php:483
Stack trace:
#0 /var/www/html/task_books_yii1/framework/web/CController.php(270): CController->missingAction('task')
#1 /var/www/html/task_books_yii1/framework/web/CWebApplication.php(282): CController->run('task')
#2 /var/www/html/task_books_yii1/framework/web/CWebApplication.php(141): CWebApplication->runController('site/task')
#3 /var/www/html/task_books_yii1/framework/base/CApplication.php(169): CWebApplication->processRequest()
#4 /var/www/html/books_task/index.php(13): CApplication->run()
#5 {main}
REQUEST_URI=/books_task/index.php?r=site/task
HTTP_REFERER=http://localhost/books_task/index.php?r=site/index
---
2016/07/15 14:21:10 [error] [exception.CHttpException.404] CHttpException: Unable to resolve the request "gii". in /var/www/html/task_books_yii1/framework/web/CWebApplication.php:286
Stack trace:
#0 /var/www/html/task_books_yii1/framework/web/CWebApplication.php(141): CWebApplication->runController('gii')
#1 /var/www/html/task_books_yii1/framework/base/CApplication.php(169): CWebApplication->processRequest()
#2 /var/www/html/books_task/index.php(13): CApplication->run()
#3 {main}
REQUEST_URI=/books_task/index.php?r=gii
---
2016/07/15 14:25:30 [error] [exception.CHttpException.404] CHttpException: Unable to resolve the request "task/index". in /var/www/html/task_books_yii1/framework/web/CWebApplication.php:286
Stack trace:
#0 /var/www/html/task_books_yii1/framework/web/CWebApplication.php(141): CWebApplication->runController('task/index')
#1 /var/www/html/task_books_yii1/framework/base/CApplication.php(169): CWebApplication->processRequest()
#2 /var/www/html/books_task/index.php(13): CApplication->run()
#3 {main}
REQUEST_URI=/books_task/index.php/task/index
HTTP_REFERER=http://localhost/books_task/index.php/site/page?view=about
---
2016/07/15 14:26:03 [error] [exception.CHttpException.404] CHttpException: Unable to resolve the request "task/index". in /var/www/html/task_books_yii1/framework/web/CWebApplication.php:286
Stack trace:
#0 /var/www/html/task_books_yii1/framework/web/CWebApplication.php(141): CWebApplication->runController('task/index')
#1 /var/www/html/task_books_yii1/framework/base/CApplication.php(169): CWebApplication->processRequest()
#2 /var/www/html/books_task/index.php(13): CApplication->run()
#3 {main}
REQUEST_URI=/books_task/index.php/task/index
---
2016/07/15 14:26:04 [error] [exception.CHttpException.404] CHttpException: Unable to resolve the request "task/index". in /var/www/html/task_books_yii1/framework/web/CWebApplication.php:286
Stack trace:
#0 /var/www/html/task_books_yii1/framework/web/CWebApplication.php(141): CWebApplication->runController('task/index')
#1 /var/www/html/task_books_yii1/framework/base/CApplication.php(169): CWebApplication->processRequest()
#2 /var/www/html/books_task/index.php(13): CApplication->run()
#3 {main}
REQUEST_URI=/books_task/index.php/task/index
---
2016/07/15 14:26:06 [error] [exception.CHttpException.404] CHttpException: Unable to resolve the request "task/index". in /var/www/html/task_books_yii1/framework/web/CWebApplication.php:286
Stack trace:
#0 /var/www/html/task_books_yii1/framework/web/CWebApplication.php(141): CWebApplication->runController('task/index')
#1 /var/www/html/task_books_yii1/framework/base/CApplication.php(169): CWebApplication->processRequest()
#2 /var/www/html/books_task/index.php(13): CApplication->run()
#3 {main}
REQUEST_URI=/books_task/index.php/task/index
---
2016/07/15 14:26:08 [error] [exception.CHttpException.404] CHttpException: Unable to resolve the request "task/index". in /var/www/html/task_books_yii1/framework/web/CWebApplication.php:286
Stack trace:
#0 /var/www/html/task_books_yii1/framework/web/CWebApplication.php(141): CWebApplication->runController('task/index')
#1 /var/www/html/task_books_yii1/framework/base/CApplication.php(169): CWebApplication->processRequest()
#2 /var/www/html/books_task/index.php(13): CApplication->run()
#3 {main}
REQUEST_URI=/books_task/index.php/task/index
---
2016/07/15 14:26:10 [error] [exception.CHttpException.404] CHttpException: Unable to resolve the request "task/index". in /var/www/html/task_books_yii1/framework/web/CWebApplication.php:286
Stack trace:
#0 /var/www/html/task_books_yii1/framework/web/CWebApplication.php(141): CWebApplication->runController('task/index')
#1 /var/www/html/task_books_yii1/framework/base/CApplication.php(169): CWebApplication->processRequest()
#2 /var/www/html/books_task/index.php(13): CApplication->run()
#3 {main}
REQUEST_URI=/books_task/index.php/task/index
---
2016/07/15 14:26:44 [error] [exception.CHttpException.404] CHttpException: Unable to resolve the request "task/index". in /var/www/html/task_books_yii1/framework/web/CWebApplication.php:286
Stack trace:
#0 /var/www/html/task_books_yii1/framework/web/CWebApplication.php(141): CWebApplication->runController('task/index')
#1 /var/www/html/task_books_yii1/framework/base/CApplication.php(169): CWebApplication->processRequest()
#2 /var/www/html/books_task/index.php(13): CApplication->run()
#3 {main}
REQUEST_URI=/books_task/index.php/task/index
---
2016/07/15 14:26:44 [error] [exception.CHttpException.404] CHttpException: Unable to resolve the request "task/index". in /var/www/html/task_books_yii1/framework/web/CWebApplication.php:286
Stack trace:
#0 /var/www/html/task_books_yii1/framework/web/CWebApplication.php(141): CWebApplication->runController('task/index')
#1 /var/www/html/task_books_yii1/framework/base/CApplication.php(169): CWebApplication->processRequest()
#2 /var/www/html/books_task/index.php(13): CApplication->run()
#3 {main}
REQUEST_URI=/books_task/index.php/task/index
---
2016/07/15 14:26:48 [error] [exception.CHttpException.404] CHttpException: Unable to resolve the request "task/index". in /var/www/html/task_books_yii1/framework/web/CWebApplication.php:286
Stack trace:
#0 /var/www/html/task_books_yii1/framework/web/CWebApplication.php(141): CWebApplication->runController('task/index')
#1 /var/www/html/task_books_yii1/framework/base/CApplication.php(169): CWebApplication->processRequest()
#2 /var/www/html/books_task/index.php(13): CApplication->run()
#3 {main}
REQUEST_URI=/books_task/index.php/task/index
---
2016/07/15 14:26:52 [error] [exception.CHttpException.404] CHttpException: Unable to resolve the request "task/index". in /var/www/html/task_books_yii1/framework/web/CWebApplication.php:286
Stack trace:
#0 /var/www/html/task_books_yii1/framework/web/CWebApplication.php(141): CWebApplication->runController('task/index')
#1 /var/www/html/task_books_yii1/framework/base/CApplication.php(169): CWebApplication->processRequest()
#2 /var/www/html/books_task/index.php(13): CApplication->run()
#3 {main}
REQUEST_URI=/books_task/index.php/task/index
---
2016/07/15 14:27:01 [error] [exception.CHttpException.404] CHttpException: Unable to resolve the request "task/index". in /var/www/html/task_books_yii1/framework/web/CWebApplication.php:286
Stack trace:
#0 /var/www/html/task_books_yii1/framework/web/CWebApplication.php(141): CWebApplication->runController('task/index')
#1 /var/www/html/task_books_yii1/framework/base/CApplication.php(169): CWebApplication->processRequest()
#2 /var/www/html/books_task/index.php(13): CApplication->run()
#3 {main}
REQUEST_URI=/books_task/index.php/task/index
---
2016/07/15 14:27:32 [error] [exception.CHttpException.404] CHttpException: Unable to resolve the request "task/index". in /var/www/html/task_books_yii1/framework/web/CWebApplication.php:286
Stack trace:
#0 /var/www/html/task_books_yii1/framework/web/CWebApplication.php(141): CWebApplication->runController('task/index')
#1 /var/www/html/task_books_yii1/framework/base/CApplication.php(169): CWebApplication->processRequest()
#2 /var/www/html/books_task/index.php(13): CApplication->run()
#3 {main}
REQUEST_URI=/books_task/index.php/task/index
HTTP_REFERER=http://localhost/books_task/index.php/site/page?view=about
---
2016/07/15 14:33:49 [error] [exception.CHttpException.404] CHttpException: Unable to resolve the request "task/index". in /var/www/html/task_books_yii1/framework/web/CWebApplication.php:286
Stack trace:
#0 /var/www/html/task_books_yii1/framework/web/CWebApplication.php(141): CWebApplication->runController('task/index')
#1 /var/www/html/task_books_yii1/framework/base/CApplication.php(169): CWebApplication->processRequest()
#2 /var/www/html/books_task/index.php(13): CApplication->run()
#3 {main}
REQUEST_URI=/books_task/index.php/task/index
---
2016/07/15 14:33:51 [error] [exception.CHttpException.404] CHttpException: Unable to resolve the request "task/index". in /var/www/html/task_books_yii1/framework/web/CWebApplication.php:286
Stack trace:
#0 /var/www/html/task_books_yii1/framework/web/CWebApplication.php(141): CWebApplication->runController('task/index')
#1 /var/www/html/task_books_yii1/framework/base/CApplication.php(169): CWebApplication->processRequest()
#2 /var/www/html/books_task/index.php(13): CApplication->run()
#3 {main}
REQUEST_URI=/books_task/index.php/task/index
---
2016/07/15 14:48:18 [error] [exception.CHttpException.404] CHttpException: Unable to resolve the request "task/index". in /var/www/html/task_books_yii1/framework/web/CWebApplication.php:286
Stack trace:
#0 /var/www/html/task_books_yii1/framework/web/CWebApplication.php(141): CWebApplication->runController('task/index')
#1 /var/www/html/task_books_yii1/framework/base/CApplication.php(169): CWebApplication->processRequest()
#2 /var/www/html/books_task/index.php(13): CApplication->run()
#3 {main}
REQUEST_URI=/books_task/index.php/task/index
HTTP_REFERER=http://localhost/books_task/index.php/site/login
---
2016/07/15 14:51:12 [error] [exception.CHttpException.404] CHttpException: Unable to resolve the request "task/index". in /var/www/html/task_books_yii1/framework/web/CWebApplication.php:286
Stack trace:
#0 /var/www/html/task_books_yii1/framework/web/CWebApplication.php(141): CWebApplication->runController('task/index')
#1 /var/www/html/task_books_yii1/framework/base/CApplication.php(169): CWebApplication->processRequest()
#2 /var/www/html/books_task/index.php(13): CApplication->run()
#3 {main}
REQUEST_URI=/books_task/index.php/task/index
---
2016/07/15 14:52:50 [error] [exception.CException] CException: Property "LoginForm.username" is not defined. in /var/www/html/task_books_yii1/framework/base/CComponent.php:130
Stack trace:
#0 /var/www/html/task_books_yii1/framework/web/helpers/CHtml.php(2255): CComponent->__get('username')
#1 /var/www/html/task_books_yii1/framework/web/helpers/CHtml.php(1980): CHtml::resolveValue(Object(LoginForm), 'username')
#2 /var/www/html/task_books_yii1/framework/web/helpers/CHtml.php(1257): CHtml::activeInputField('text', Object(LoginForm), 'username', Array)
#3 /var/www/html/task_books_yii1/framework/web/widgets/CActiveForm.php(657): CHtml::activeTextField(Object(LoginForm), 'username', Array)
#4 /var/www/html/books_task/protected/views/site/login.php(29): CActiveForm->textField(Object(LoginForm), 'username')
#5 /var/www/html/task_books_yii1/framework/web/CBaseController.php(126): require('/var/www/html/b...')
#6 /var/www/html/task_books_yii1/framework/web/CBaseController.php(95): CBaseController->renderInternal('/var/www/html/b...', Array, true)
#7 /var/www/html/task_books_yii1/framework/web/CController.php(869): CBaseController->renderFile('/var/www/html/b...', Array, true)
#8 /var/www/html/task_books_yii1/framework/web/CController.php(782): CController->renderPartial('login', Array, true)
#9 /var/www/html/books_task/protected/controllers/SiteController.php(98): CController->render('login', Array)
#10 /var/www/html/task_books_yii1/framework/web/actions/CInlineAction.php(49): SiteController->actionLogin()
#11 /var/www/html/task_books_yii1/framework/web/CController.php(308): CInlineAction->runWithParams(Array)
#12 /var/www/html/task_books_yii1/framework/web/CController.php(286): CController->runAction(Object(CInlineAction))
#13 /var/www/html/task_books_yii1/framework/web/CController.php(265): CController->runActionWithFilters(Object(CInlineAction), Array)
#14 /var/www/html/task_books_yii1/framework/web/CWebApplication.php(282): CController->run('login')
#15 /var/www/html/task_books_yii1/framework/web/CWebApplication.php(141): CWebApplication->runController('site/login')
#16 /var/www/html/task_books_yii1/framework/base/CApplication.php(169): CWebApplication->processRequest()
#17 /var/www/html/books_task/index.php(13): CApplication->run()
#18 {main}
REQUEST_URI=/books_task/index.php/site/login
---
2016/07/15 14:54:00 [error] [exception.CException] CException: Property "LoginForm.username" is not defined. in /var/www/html/task_books_yii1/framework/base/CComponent.php:130
Stack trace:
#0 /var/www/html/task_books_yii1/framework/web/helpers/CHtml.php(2255): CComponent->__get('username')
#1 /var/www/html/task_books_yii1/framework/web/helpers/CHtml.php(1980): CHtml::resolveValue(Object(LoginForm), 'username')
#2 /var/www/html/task_books_yii1/framework/web/helpers/CHtml.php(1257): CHtml::activeInputField('text', Object(LoginForm), 'username', Array)
#3 /var/www/html/task_books_yii1/framework/web/widgets/CActiveForm.php(657): CHtml::activeTextField(Object(LoginForm), 'username', Array)
#4 /var/www/html/books_task/protected/views/site/login.php(29): CActiveForm->textField(Object(LoginForm), 'username')
#5 /var/www/html/task_books_yii1/framework/web/CBaseController.php(126): require('/var/www/html/b...')
#6 /var/www/html/task_books_yii1/framework/web/CBaseController.php(95): CBaseController->renderInternal('/var/www/html/b...', Array, true)
#7 /var/www/html/task_books_yii1/framework/web/CController.php(869): CBaseController->renderFile('/var/www/html/b...', Array, true)
#8 /var/www/html/task_books_yii1/framework/web/CController.php(782): CController->renderPartial('login', Array, true)
#9 /var/www/html/books_task/protected/controllers/SiteController.php(98): CController->render('login', Array)
#10 /var/www/html/task_books_yii1/framework/web/actions/CInlineAction.php(49): SiteController->actionLogin()
#11 /var/www/html/task_books_yii1/framework/web/CController.php(308): CInlineAction->runWithParams(Array)
#12 /var/www/html/task_books_yii1/framework/web/CController.php(286): CController->runAction(Object(CInlineAction))
#13 /var/www/html/task_books_yii1/framework/web/CController.php(265): CController->runActionWithFilters(Object(CInlineAction), Array)
#14 /var/www/html/task_books_yii1/framework/web/CWebApplication.php(282): CController->run('login')
#15 /var/www/html/task_books_yii1/framework/web/CWebApplication.php(141): CWebApplication->runController('site/login')
#16 /var/www/html/task_books_yii1/framework/base/CApplication.php(169): CWebApplication->processRequest()
#17 /var/www/html/books_task/index.php(13): CApplication->run()
#18 {main}
REQUEST_URI=/books_task/index.php/site/login
---
2016/07/15 14:54:01 [error] [exception.CException] CException: Property "LoginForm.username" is not defined. in /var/www/html/task_books_yii1/framework/base/CComponent.php:130
Stack trace:
#0 /var/www/html/task_books_yii1/framework/web/helpers/CHtml.php(2255): CComponent->__get('username')
#1 /var/www/html/task_books_yii1/framework/web/helpers/CHtml.php(1980): CHtml::resolveValue(Object(LoginForm), 'username')
#2 /var/www/html/task_books_yii1/framework/web/helpers/CHtml.php(1257): CHtml::activeInputField('text', Object(LoginForm), 'username', Array)
#3 /var/www/html/task_books_yii1/framework/web/widgets/CActiveForm.php(657): CHtml::activeTextField(Object(LoginForm), 'username', Array)
#4 /var/www/html/books_task/protected/views/site/login.php(29): CActiveForm->textField(Object(LoginForm), 'username')
#5 /var/www/html/task_books_yii1/framework/web/CBaseController.php(126): require('/var/www/html/b...')
#6 /var/www/html/task_books_yii1/framework/web/CBaseController.php(95): CBaseController->renderInternal('/var/www/html/b...', Array, true)
#7 /var/www/html/task_books_yii1/framework/web/CController.php(869): CBaseController->renderFile('/var/www/html/b...', Array, true)
#8 /var/www/html/task_books_yii1/framework/web/CController.php(782): CController->renderPartial('login', Array, true)
#9 /var/www/html/books_task/protected/controllers/SiteController.php(98): CController->render('login', Array)
#10 /var/www/html/task_books_yii1/framework/web/actions/CInlineAction.php(49): SiteController->actionLogin()
#11 /var/www/html/task_books_yii1/framework/web/CController.php(308): CInlineAction->runWithParams(Array)
#12 /var/www/html/task_books_yii1/framework/web/CController.php(286): CController->runAction(Object(CInlineAction))
#13 /var/www/html/task_books_yii1/framework/web/CController.php(265): CController->runActionWithFilters(Object(CInlineAction), Array)
#14 /var/www/html/task_books_yii1/framework/web/CWebApplication.php(282): CController->run('login')
#15 /var/www/html/task_books_yii1/framework/web/CWebApplication.php(141): CWebApplication->runController('site/login')
#16 /var/www/html/task_books_yii1/framework/base/CApplication.php(169): CWebApplication->processRequest()
#17 /var/www/html/books_task/index.php(13): CApplication->run()
#18 {main}
REQUEST_URI=/books_task/index.php/site/login
---
2016/07/15 14:54:01 [error] [exception.CException] CException: Property "LoginForm.username" is not defined. in /var/www/html/task_books_yii1/framework/base/CComponent.php:130
Stack trace:
#0 /var/www/html/task_books_yii1/framework/web/helpers/CHtml.php(2255): CComponent->__get('username')
#1 /var/www/html/task_books_yii1/framework/web/helpers/CHtml.php(1980): CHtml::resolveValue(Object(LoginForm), 'username')
#2 /var/www/html/task_books_yii1/framework/web/helpers/CHtml.php(1257): CHtml::activeInputField('text', Object(LoginForm), 'username', Array)
#3 /var/www/html/task_books_yii1/framework/web/widgets/CActiveForm.php(657): CHtml::activeTextField(Object(LoginForm), 'username', Array)
#4 /var/www/html/books_task/protected/views/site/login.php(29): CActiveForm->textField(Object(LoginForm), 'username')
#5 /var/www/html/task_books_yii1/framework/web/CBaseController.php(126): require('/var/www/html/b...')
#6 /var/www/html/task_books_yii1/framework/web/CBaseController.php(95): CBaseController->renderInternal('/var/www/html/b...', Array, true)
#7 /var/www/html/task_books_yii1/framework/web/CController.php(869): CBaseController->renderFile('/var/www/html/b...', Array, true)
#8 /var/www/html/task_books_yii1/framework/web/CController.php(782): CController->renderPartial('login', Array, true)
#9 /var/www/html/books_task/protected/controllers/SiteController.php(98): CController->render('login', Array)
#10 /var/www/html/task_books_yii1/framework/web/actions/CInlineAction.php(49): SiteController->actionLogin()
#11 /var/www/html/task_books_yii1/framework/web/CController.php(308): CInlineAction->runWithParams(Array)
#12 /var/www/html/task_books_yii1/framework/web/CController.php(286): CController->runAction(Object(CInlineAction))
#13 /var/www/html/task_books_yii1/framework/web/CController.php(265): CController->runActionWithFilters(Object(CInlineAction), Array)
#14 /var/www/html/task_books_yii1/framework/web/CWebApplication.php(282): CController->run('login')
#15 /var/www/html/task_books_yii1/framework/web/CWebApplication.php(141): CWebApplication->runController('site/login')
#16 /var/www/html/task_books_yii1/framework/base/CApplication.php(169): CWebApplication->processRequest()
#17 /var/www/html/books_task/index.php(13): CApplication->run()
#18 {main}
REQUEST_URI=/books_task/index.php/site/login
---
2016/07/15 14:54:02 [error] [exception.CException] CException: Property "LoginForm.username" is not defined. in /var/www/html/task_books_yii1/framework/base/CComponent.php:130
Stack trace:
#0 /var/www/html/task_books_yii1/framework/web/helpers/CHtml.php(2255): CComponent->__get('username')
#1 /var/www/html/task_books_yii1/framework/web/helpers/CHtml.php(1980): CHtml::resolveValue(Object(LoginForm), 'username')
#2 /var/www/html/task_books_yii1/framework/web/helpers/CHtml.php(1257): CHtml::activeInputField('text', Object(LoginForm), 'username', Array)
#3 /var/www/html/task_books_yii1/framework/web/widgets/CActiveForm.php(657): CHtml::activeTextField(Object(LoginForm), 'username', Array)
#4 /var/www/html/books_task/protected/views/site/login.php(29): CActiveForm->textField(Object(LoginForm), 'username')
#5 /var/www/html/task_books_yii1/framework/web/CBaseController.php(126): require('/var/www/html/b...')
#6 /var/www/html/task_books_yii1/framework/web/CBaseController.php(95): CBaseController->renderInternal('/var/www/html/b...', Array, true)
#7 /var/www/html/task_books_yii1/framework/web/CController.php(869): CBaseController->renderFile('/var/www/html/b...', Array, true)
#8 /var/www/html/task_books_yii1/framework/web/CController.php(782): CController->renderPartial('login', Array, true)
#9 /var/www/html/books_task/protected/controllers/SiteController.php(98): CController->render('login', Array)
#10 /var/www/html/task_books_yii1/framework/web/actions/CInlineAction.php(49): SiteController->actionLogin()
#11 /var/www/html/task_books_yii1/framework/web/CController.php(308): CInlineAction->runWithParams(Array)
#12 /var/www/html/task_books_yii1/framework/web/CController.php(286): CController->runAction(Object(CInlineAction))
#13 /var/www/html/task_books_yii1/framework/web/CController.php(265): CController->runActionWithFilters(Object(CInlineAction), Array)
#14 /var/www/html/task_books_yii1/framework/web/CWebApplication.php(282): CController->run('login')
#15 /var/www/html/task_books_yii1/framework/web/CWebApplication.php(141): CWebApplication->runController('site/login')
#16 /var/www/html/task_books_yii1/framework/base/CApplication.php(169): CWebApplication->processRequest()
#17 /var/www/html/books_task/index.php(13): CApplication->run()
#18 {main}
REQUEST_URI=/books_task/index.php/site/login
---
2016/07/15 15:02:07 [error] [exception.CHttpException.404] CHttpException: Unable to resolve the request "task/index". in /var/www/html/task_books_yii1/framework/web/CWebApplication.php:286
Stack trace:
#0 /var/www/html/task_books_yii1/framework/web/CWebApplication.php(141): CWebApplication->runController('task/index')
#1 /var/www/html/task_books_yii1/framework/base/CApplication.php(169): CWebApplication->processRequest()
#2 /var/www/html/books_task/index.php(13): CApplication->run()
#3 {main}
REQUEST_URI=/books_task/index.php/task/index
HTTP_REFERER=http://localhost/books_task/index.php/site/login
---
2016/07/15 15:02:10 [error] [exception.CHttpException.404] CHttpException: Unable to resolve the request "task/index". in /var/www/html/task_books_yii1/framework/web/CWebApplication.php:286
Stack trace:
#0 /var/www/html/task_books_yii1/framework/web/CWebApplication.php(141): CWebApplication->runController('task/index')
#1 /var/www/html/task_books_yii1/framework/base/CApplication.php(169): CWebApplication->processRequest()
#2 /var/www/html/books_task/index.php(13): CApplication->run()
#3 {main}
REQUEST_URI=/books_task/index.php/task/index
HTTP_REFERER=http://localhost/books_task/index.php/site/index
---
2016/07/15 15:04:02 [error] [exception.CHttpException.404] CHttpException: The system is unable to find the requested action "site". in /var/www/html/task_books_yii1/framework/web/CController.php:483
Stack trace:
#0 /var/www/html/task_books_yii1/framework/web/CController.php(270): CController->missingAction('site')
#1 /var/www/html/task_books_yii1/framework/web/CWebApplication.php(282): CController->run('site')
#2 /var/www/html/task_books_yii1/framework/web/CWebApplication.php(141): CWebApplication->runController('site/site/signu...')
#3 /var/www/html/task_books_yii1/framework/base/CApplication.php(169): CWebApplication->processRequest()
#4 /var/www/html/books_task/index.php(13): CApplication->run()
#5 {main}
REQUEST_URI=/books_task/index.php/site/site/signup
HTTP_REFERER=http://localhost/books_task/index.php/site/login
---
2016/07/15 15:04:10 [error] [exception.CHttpException.404] CHttpException: The system is unable to find the requested action "signup". in /var/www/html/task_books_yii1/framework/web/CController.php:483
Stack trace:
#0 /var/www/html/task_books_yii1/framework/web/CController.php(270): CController->missingAction('signup')
#1 /var/www/html/task_books_yii1/framework/web/CWebApplication.php(282): CController->run('signup')
#2 /var/www/html/task_books_yii1/framework/web/CWebApplication.php(141): CWebApplication->runController('site/signup')
#3 /var/www/html/task_books_yii1/framework/base/CApplication.php(169): CWebApplication->processRequest()
#4 /var/www/html/books_task/index.php(13): CApplication->run()
#5 {main}
REQUEST_URI=/books_task/index.php/site/signup
HTTP_REFERER=http://localhost/books_task/index.php/site/login
---
2016/07/15 15:04:14 [error] [exception.CHttpException.404] CHttpException: The system is unable to find the requested action "signup". in /var/www/html/task_books_yii1/framework/web/CController.php:483
Stack trace:
#0 /var/www/html/task_books_yii1/framework/web/CController.php(270): CController->missingAction('signup')
#1 /var/www/html/task_books_yii1/framework/web/CWebApplication.php(282): CController->run('signup')
#2 /var/www/html/task_books_yii1/framework/web/CWebApplication.php(141): CWebApplication->runController('site/signup')
#3 /var/www/html/task_books_yii1/framework/base/CApplication.php(169): CWebApplication->processRequest()
#4 /var/www/html/books_task/index.php(13): CApplication->run()
#5 {main}
REQUEST_URI=/books_task/index.php/site/signup
HTTP_REFERER=http://localhost/books_task/index.php/site/login
---
2016/07/15 15:04:16 [error] [exception.CHttpException.404] CHttpException: Unable to resolve the request "task/index". in /var/www/html/task_books_yii1/framework/web/CWebApplication.php:286
Stack trace:
#0 /var/www/html/task_books_yii1/framework/web/CWebApplication.php(141): CWebApplication->runController('task/index')
#1 /var/www/html/task_books_yii1/framework/base/CApplication.php(169): CWebApplication->processRequest()
#2 /var/www/html/books_task/index.php(13): CApplication->run()
#3 {main}
REQUEST_URI=/books_task/index.php/task/index
HTTP_REFERER=http://localhost/books_task/index.php/site/index
---
2016/07/15 15:05:56 [error] [exception.CHttpException.404] CHttpException: Unable to resolve the request "task/index". in /var/www/html/task_books_yii1/framework/web/CWebApplication.php:286
Stack trace:
#0 /var/www/html/task_books_yii1/framework/web/CWebApplication.php(141): CWebApplication->runController('task/index')
#1 /var/www/html/task_books_yii1/framework/base/CApplication.php(169): CWebApplication->processRequest()
#2 /var/www/html/books_task/index.php(13): CApplication->run()
#3 {main}
REQUEST_URI=/books_task/index.php/task/index
HTTP_REFERER=http://localhost/books_task/index.php
---
2016/07/15 15:06:01 [error] [exception.CHttpException.404] CHttpException: Unable to resolve the request "task/login". in /var/www/html/task_books_yii1/framework/web/CWebApplication.php:286
Stack trace:
#0 /var/www/html/task_books_yii1/framework/web/CWebApplication.php(141): CWebApplication->runController('task/login')
#1 /var/www/html/task_books_yii1/framework/base/CApplication.php(169): CWebApplication->processRequest()
#2 /var/www/html/books_task/index.php(13): CApplication->run()
#3 {main}
REQUEST_URI=/books_task/index.php/task/login
---
2016/07/15 15:06:02 [error] [exception.CHttpException.404] CHttpException: Unable to resolve the request "task/login". in /var/www/html/task_books_yii1/framework/web/CWebApplication.php:286
Stack trace:
#0 /var/www/html/task_books_yii1/framework/web/CWebApplication.php(141): CWebApplication->runController('task/login')
#1 /var/www/html/task_books_yii1/framework/base/CApplication.php(169): CWebApplication->processRequest()
#2 /var/www/html/books_task/index.php(13): CApplication->run()
#3 {main}
REQUEST_URI=/books_task/index.php/task/login
---
2016/07/15 15:06:03 [error] [exception.CHttpException.404] CHttpException: Unable to resolve the request "task/login". in /var/www/html/task_books_yii1/framework/web/CWebApplication.php:286
Stack trace:
#0 /var/www/html/task_books_yii1/framework/web/CWebApplication.php(141): CWebApplication->runController('task/login')
#1 /var/www/html/task_books_yii1/framework/base/CApplication.php(169): CWebApplication->processRequest()
#2 /var/www/html/books_task/index.php(13): CApplication->run()
#3 {main}
REQUEST_URI=/books_task/index.php/task/login
---
2016/07/15 15:09:43 [error] [php] Undefined variable: model (/var/www/html/books_task/protected/views/site/signup.php:16)
Stack trace:
#0 /var/www/html/task_books_yii1/framework/web/CController.php(869): SiteController->renderFile()
#1 /var/www/html/task_books_yii1/framework/web/CController.php(782): SiteController->renderPartial()
#2 /var/www/html/books_task/protected/controllers/SiteController.php(112): SiteController->render()
#3 /var/www/html/task_books_yii1/framework/web/actions/CInlineAction.php(49): SiteController->actionSignup()
#4 /var/www/html/task_books_yii1/framework/web/CController.php(308): CInlineAction->runWithParams()
#5 /var/www/html/task_books_yii1/framework/web/CController.php(286): SiteController->runAction()
#6 /var/www/html/task_books_yii1/framework/web/CController.php(265): SiteController->runActionWithFilters()
#7 /var/www/html/task_books_yii1/framework/web/CWebApplication.php(282): SiteController->run()
#8 /var/www/html/task_books_yii1/framework/web/CWebApplication.php(141): CWebApplication->runController()
#9 /var/www/html/task_books_yii1/framework/base/CApplication.php(169): CWebApplication->processRequest()
#10 /var/www/html/books_task/index.php(13): CWebApplication->run()
REQUEST_URI=/books_task/index.php/site/signup
in /var/www/html/books_task/protected/views/site/signup.php (16)
in /var/www/html/books_task/protected/controllers/SiteController.php (112)
in /var/www/html/books_task/index.php (13)
2016/07/15 15:22:21 [error] [exception.CDbException] CDbException: The active record cannot be updated because it is new. in /var/www/html/task_books_yii1/framework/db/ar/CActiveRecord.php:1064
Stack trace:
#0 /var/www/html/books_task/protected/controllers/SiteController.php(114): CActiveRecord->update(Object(User))
#1 /var/www/html/task_books_yii1/framework/web/actions/CInlineAction.php(49): SiteController->actionSignup()
#2 /var/www/html/task_books_yii1/framework/web/CController.php(308): CInlineAction->runWithParams(Array)
#3 /var/www/html/task_books_yii1/framework/web/CController.php(286): CController->runAction(Object(CInlineAction))
#4 /var/www/html/task_books_yii1/framework/web/CController.php(265): CController->runActionWithFilters(Object(CInlineAction), Array)
#5 /var/www/html/task_books_yii1/framework/web/CWebApplication.php(282): CController->run('signup')
#6 /var/www/html/task_books_yii1/framework/web/CWebApplication.php(141): CWebApplication->runController('site/signup')
#7 /var/www/html/task_books_yii1/framework/base/CApplication.php(169): CWebApplication->processRequest()
#8 /var/www/html/books_task/index.php(13): CApplication->run()
#9 {main}
REQUEST_URI=/books_task/index.php/site/signup
---
2016/07/15 15:25:03 [error] [php] Undefined index: User (/var/www/html/books_task/protected/views/site/signup.php:34)
Stack trace:
#0 /var/www/html/task_books_yii1/framework/web/CController.php(869): SiteController->renderFile()
#1 /var/www/html/task_books_yii1/framework/web/CController.php(782): SiteController->renderPartial()
#2 /var/www/html/books_task/protected/controllers/SiteController.php(121): SiteController->render()
#3 /var/www/html/task_books_yii1/framework/web/actions/CInlineAction.php(49): SiteController->actionSignup()
#4 /var/www/html/task_books_yii1/framework/web/CController.php(308): CInlineAction->runWithParams()
#5 /var/www/html/task_books_yii1/framework/web/CController.php(286): SiteController->runAction()
#6 /var/www/html/task_books_yii1/framework/web/CController.php(265): SiteController->runActionWithFilters()
#7 /var/www/html/task_books_yii1/framework/web/CWebApplication.php(282): SiteController->run()
#8 /var/www/html/task_books_yii1/framework/web/CWebApplication.php(141): CWebApplication->runController()
#9 /var/www/html/task_books_yii1/framework/base/CApplication.php(169): CWebApplication->processRequest()
#10 /var/www/html/books_task/index.php(13): CWebApplication->run()
REQUEST_URI=/books_task/index.php/site/signup
in /var/www/html/books_task/protected/views/site/signup.php (34)
in /var/www/html/books_task/protected/controllers/SiteController.php (121)
in /var/www/html/books_task/index.php (13)
2016/07/15 15:25:04 [error] [php] Undefined index: User (/var/www/html/books_task/protected/views/site/signup.php:34)
Stack trace:
#0 /var/www/html/task_books_yii1/framework/web/CController.php(869): SiteController->renderFile()
#1 /var/www/html/task_books_yii1/framework/web/CController.php(782): SiteController->renderPartial()
#2 /var/www/html/books_task/protected/controllers/SiteController.php(121): SiteController->render()
#3 /var/www/html/task_books_yii1/framework/web/actions/CInlineAction.php(49): SiteController->actionSignup()
#4 /var/www/html/task_books_yii1/framework/web/CController.php(308): CInlineAction->runWithParams()
#5 /var/www/html/task_books_yii1/framework/web/CController.php(286): SiteController->runAction()
#6 /var/www/html/task_books_yii1/framework/web/CController.php(265): SiteController->runActionWithFilters()
#7 /var/www/html/task_books_yii1/framework/web/CWebApplication.php(282): SiteController->run()
#8 /var/www/html/task_books_yii1/framework/web/CWebApplication.php(141): CWebApplication->runController()
#9 /var/www/html/task_books_yii1/framework/base/CApplication.php(169): CWebApplication->processRequest()
#10 /var/www/html/books_task/index.php(13): CWebApplication->run()
REQUEST_URI=/books_task/index.php/site/signup
in /var/www/html/books_task/protected/views/site/signup.php (34)
in /var/www/html/books_task/protected/controllers/SiteController.php (121)
in /var/www/html/books_task/index.php (13)
2016/07/15 15:25:05 [error] [php] Undefined index: User (/var/www/html/books_task/protected/views/site/signup.php:34)
Stack trace:
#0 /var/www/html/task_books_yii1/framework/web/CController.php(869): SiteController->renderFile()
#1 /var/www/html/task_books_yii1/framework/web/CController.php(782): SiteController->renderPartial()
#2 /var/www/html/books_task/protected/controllers/SiteController.php(121): SiteController->render()
#3 /var/www/html/task_books_yii1/framework/web/actions/CInlineAction.php(49): SiteController->actionSignup()
#4 /var/www/html/task_books_yii1/framework/web/CController.php(308): CInlineAction->runWithParams()
#5 /var/www/html/task_books_yii1/framework/web/CController.php(286): SiteController->runAction()
#6 /var/www/html/task_books_yii1/framework/web/CController.php(265): SiteController->runActionWithFilters()
#7 /var/www/html/task_books_yii1/framework/web/CWebApplication.php(282): SiteController->run()
#8 /var/www/html/task_books_yii1/framework/web/CWebApplication.php(141): CWebApplication->runController()
#9 /var/www/html/task_books_yii1/framework/base/CApplication.php(169): CWebApplication->processRequest()
#10 /var/www/html/books_task/index.php(13): CWebApplication->run()
REQUEST_URI=/books_task/index.php/site/signup
in /var/www/html/books_task/protected/views/site/signup.php (34)
in /var/www/html/books_task/protected/controllers/SiteController.php (121)
in /var/www/html/books_task/index.php (13)
2016/07/15 15:25:28 [error] [exception.CDbException] CDbException: The active record cannot be updated because it is new. in /var/www/html/task_books_yii1/framework/db/ar/CActiveRecord.php:1064
Stack trace:
#0 /var/www/html/books_task/protected/controllers/SiteController.php(115): CActiveRecord->update(Object(User))
#1 /var/www/html/task_books_yii1/framework/web/actions/CInlineAction.php(49): SiteController->actionSignup()
#2 /var/www/html/task_books_yii1/framework/web/CController.php(308): CInlineAction->runWithParams(Array)
#3 /var/www/html/task_books_yii1/framework/web/CController.php(286): CController->runAction(Object(CInlineAction))
#4 /var/www/html/task_books_yii1/framework/web/CController.php(265): CController->runActionWithFilters(Object(CInlineAction), Array)
#5 /var/www/html/task_books_yii1/framework/web/CWebApplication.php(282): CController->run('signup')
#6 /var/www/html/task_books_yii1/framework/web/CWebApplication.php(141): CWebApplication->runController('site/signup')
#7 /var/www/html/task_books_yii1/framework/base/CApplication.php(169): CWebApplication->processRequest()
#8 /var/www/html/books_task/index.php(13): CApplication->run()
#9 {main}
REQUEST_URI=/books_task/index.php/site/signup
HTTP_REFERER=http://localhost/books_task/index.php/site/signup
---
2016/07/15 15:27:49 [error] [exception.ParseError] ParseError: syntax error, unexpected ';' in /var/www/html/books_task/protected/models/User.php:103
Stack trace:
#0 [internal function]: YiiBase::autoload('User')
#1 /var/www/html/books_task/protected/controllers/SiteController.php(112): spl_autoload_call('User')
#2 /var/www/html/task_books_yii1/framework/web/actions/CInlineAction.php(49): SiteController->actionSignup()
#3 /var/www/html/task_books_yii1/framework/web/CController.php(308): CInlineAction->runWithParams(Array)
#4 /var/www/html/task_books_yii1/framework/web/CController.php(286): CController->runAction(Object(CInlineAction))
#5 /var/www/html/task_books_yii1/framework/web/CController.php(265): CController->runActionWithFilters(Object(CInlineAction), Array)
#6 /var/www/html/task_books_yii1/framework/web/CWebApplication.php(282): CController->run('signup')
#7 /var/www/html/task_books_yii1/framework/web/CWebApplication.php(141): CWebApplication->runController('site/signup')
#8 /var/www/html/task_books_yii1/framework/base/CApplication.php(169): CWebApplication->processRequest()
#9 /var/www/html/books_task/index.php(13): CApplication->run()
#10 {main}
REQUEST_URI=/books_task/index.php/site/signup
---
2016/07/15 15:29:55 [error] [exception.CException] CException: CHttpSession and its behaviors do not have a method or closure named "setflash". in /var/www/html/task_books_yii1/framework/base/CComponent.php:265
Stack trace:
#0 /var/www/html/books_task/protected/controllers/SiteController.php(119): CComponent->__call('setflash', Array)
#1 /var/www/html/task_books_yii1/framework/web/actions/CInlineAction.php(49): SiteController->actionSignup()
#2 /var/www/html/task_books_yii1/framework/web/CController.php(308): CInlineAction->runWithParams(Array)
#3 /var/www/html/task_books_yii1/framework/web/CController.php(286): CController->runAction(Object(CInlineAction))
#4 /var/www/html/task_books_yii1/framework/web/CController.php(265): CController->runActionWithFilters(Object(CInlineAction), Array)
#5 /var/www/html/task_books_yii1/framework/web/CWebApplication.php(282): CController->run('signup')
#6 /var/www/html/task_books_yii1/framework/web/CWebApplication.php(141): CWebApplication->runController('site/signup')
#7 /var/www/html/task_books_yii1/framework/base/CApplication.php(169): CWebApplication->processRequest()
#8 /var/www/html/books_task/index.php(13): CApplication->run()
#9 {main}
REQUEST_URI=/books_task/index.php/site/signup
HTTP_REFERER=http://localhost/books_task/index.php/site/signup
---
2016/07/15 15:30:04 [error] [exception.CException] CException: CHttpSession and its behaviors do not have a method or closure named "setFlash". in /var/www/html/task_books_yii1/framework/base/CComponent.php:265
Stack trace:
#0 /var/www/html/books_task/protected/controllers/SiteController.php(119): CComponent->__call('setFlash', Array)
#1 /var/www/html/task_books_yii1/framework/web/actions/CInlineAction.php(49): SiteController->actionSignup()
#2 /var/www/html/task_books_yii1/framework/web/CController.php(308): CInlineAction->runWithParams(Array)
#3 /var/www/html/task_books_yii1/framework/web/CController.php(286): CController->runAction(Object(CInlineAction))
#4 /var/www/html/task_books_yii1/framework/web/CController.php(265): CController->runActionWithFilters(Object(CInlineAction), Array)
#5 /var/www/html/task_books_yii1/framework/web/CWebApplication.php(282): CController->run('signup')
#6 /var/www/html/task_books_yii1/framework/web/CWebApplication.php(141): CWebApplication->runController('site/signup')
#7 /var/www/html/task_books_yii1/framework/base/CApplication.php(169): CWebApplication->processRequest()
#8 /var/www/html/books_task/index.php(13): CApplication->run()
#9 {main}
REQUEST_URI=/books_task/index.php/site/signup
HTTP_REFERER=http://localhost/books_task/index.php/site/signup
---
2016/07/15 15:33:25 [error] [exception.CHttpException.404] CHttpException: Unable to resolve the request "task/index". in /var/www/html/task_books_yii1/framework/web/CWebApplication.php:286
Stack trace:
#0 /var/www/html/task_books_yii1/framework/web/CWebApplication.php(141): CWebApplication->runController('task/index')
#1 /var/www/html/task_books_yii1/framework/base/CApplication.php(169): CWebApplication->processRequest()
#2 /var/www/html/books_task/index.php(13): CApplication->run()
#3 {main}
REQUEST_URI=/books_task/index.php/task/index
HTTP_REFERER=http://localhost/books_task/index.php/site/signup
---
2016/07/15 15:41:29 [error] [exception.CHttpException.404] CHttpException: Unable to resolve the request "task/index". in /var/www/html/task_books_yii1/framework/web/CWebApplication.php:286
Stack trace:
#0 /var/www/html/task_books_yii1/framework/web/CWebApplication.php(141): CWebApplication->runController('task/index')
#1 /var/www/html/task_books_yii1/framework/base/CApplication.php(169): CWebApplication->processRequest()
#2 /var/www/html/books_task/index.php(13): CApplication->run()
#3 {main}
REQUEST_URI=/books_task/index.php/task/index
HTTP_REFERER=http://localhost/books_task/index.php/site/login
---
2016/07/15 15:41:32 [error] [exception.CHttpException.404] CHttpException: Unable to resolve the request "task/index". in /var/www/html/task_books_yii1/framework/web/CWebApplication.php:286
Stack trace:
#0 /var/www/html/task_books_yii1/framework/web/CWebApplication.php(141): CWebApplication->runController('task/index')
#1 /var/www/html/task_books_yii1/framework/base/CApplication.php(169): CWebApplication->processRequest()
#2 /var/www/html/books_task/index.php(13): CApplication->run()
#3 {main}
REQUEST_URI=/books_task/index.php/task/index
HTTP_REFERER=http://localhost/books_task/index.php/site/index
---
2016/07/15 15:49:53 [error] [exception.CHttpException.404] CHttpException: Unable to resolve the request "task/index". in /var/www/html/task_books_yii1/framework/web/CWebApplication.php:286
Stack trace:
#0 /var/www/html/task_books_yii1/framework/web/CWebApplication.php(141): CWebApplication->runController('task/index')
#1 /var/www/html/task_books_yii1/framework/base/CApplication.php(169): CWebApplication->processRequest()
#2 /var/www/html/books_task/index.php(13): CApplication->run()
#3 {main}
REQUEST_URI=/books_task/index.php/task/index
---
2016/07/15 16:21:31 [error] [exception.CHttpException.404] CHttpException: Unable to resolve the request "task/index". in /var/www/html/task_books_yii1/framework/web/CWebApplication.php:286
Stack trace:
#0 /var/www/html/task_books_yii1/framework/web/CWebApplication.php(141): CWebApplication->runController('task/index')
#1 /var/www/html/task_books_yii1/framework/base/CApplication.php(169): CWebApplication->processRequest()
#2 /var/www/html/books_task/index.php(13): CApplication->run()
#3 {main}
REQUEST_URI=/books_task/index.php/task/index
HTTP_REFERER=http://localhost/books_task/index.php
---
2016/07/15 16:29:46 [error] [exception.CException] CException: Property "SiteController.email" is not defined. in /var/www/html/task_books_yii1/framework/base/CComponent.php:130
Stack trace:
#0 /var/www/html/books_task/protected/controllers/SiteController.php(116): CComponent->__get('email')
#1 /var/www/html/task_books_yii1/framework/web/actions/CInlineAction.php(49): SiteController->actionSignup()
#2 /var/www/html/task_books_yii1/framework/web/CController.php(308): CInlineAction->runWithParams(Array)
#3 /var/www/html/task_books_yii1/framework/web/CController.php(286): CController->runAction(Object(CInlineAction))
#4 /var/www/html/task_books_yii1/framework/web/CController.php(265): CController->runActionWithFilters(Object(CInlineAction), Array)
#5 /var/www/html/task_books_yii1/framework/web/CWebApplication.php(282): CController->run('signup')
#6 /var/www/html/task_books_yii1/framework/web/CWebApplication.php(141): CWebApplication->runController('site/signup')
#7 /var/www/html/task_books_yii1/framework/base/CApplication.php(169): CWebApplication->processRequest()
#8 /var/www/html/books_task/index.php(13): CApplication->run()
#9 {main}
REQUEST_URI=/books_task/index.php/site/signup
HTTP_REFERER=http://localhost/books_task/index.php/site/signup
---
2016/07/15 16:34:48 [error] [exception.CHttpException.404] CHttpException: Unable to resolve the request "task/index". in /var/www/html/task_books_yii1/framework/web/CWebApplication.php:286
Stack trace:
#0 /var/www/html/task_books_yii1/framework/web/CWebApplication.php(141): CWebApplication->runController('task/index')
#1 /var/www/html/task_books_yii1/framework/base/CApplication.php(169): CWebApplication->processRequest()
#2 /var/www/html/books_task/index.php(13): CApplication->run()
#3 {main}
REQUEST_URI=/books_task/index.php/task/index
HTTP_REFERER=http://localhost/books_task/index.php/site/index
---
2016/07/15 23:30:44 [error] [exception.CHttpException.404] CHttpException: Невозможно обработать запрос "task/index". in /var/www/html/task_books_yii1/framework/web/CWebApplication.php:286
Stack trace:
#0 /var/www/html/task_books_yii1/framework/web/CWebApplication.php(141): CWebApplication->runController('task/index')
#1 /var/www/html/task_books_yii1/framework/base/CApplication.php(169): CWebApplication->processRequest()
#2 /var/www/html/books_task/index.php(13): CApplication->run()
#3 {main}
REQUEST_URI=/books_task/index.php/task/index
HTTP_REFERER=http://localhost/books_task/index.php/site/signup
---
2016/07/16 00:00:51 [error] [exception.CHttpException.404] CHttpException: Невозможно обработать запрос "task/index". in /var/www/html/task_books_yii1/framework/web/CWebApplication.php:286
Stack trace:
#0 /var/www/html/task_books_yii1/framework/web/CWebApplication.php(141): CWebApplication->runController('task/index')
#1 /var/www/html/task_books_yii1/framework/base/CApplication.php(169): CWebApplication->processRequest()
#2 /var/www/html/books_task/index.php(13): CApplication->run()
#3 {main}
REQUEST_URI=/books_task/index.php/task/index
HTTP_REFERER=http://localhost/books_task/index.php/site/index
---
2016/07/16 00:05:45 [error] [exception.CHttpException.404] CHttpException: Невозможно обработать запрос "task/index". in /var/www/html/task_books_yii1/framework/web/CWebApplication.php:286
Stack trace:
#0 /var/www/html/task_books_yii1/framework/web/CWebApplication.php(141): CWebApplication->runController('task/index')
#1 /var/www/html/task_books_yii1/framework/base/CApplication.php(169): CWebApplication->processRequest()
#2 /var/www/html/books_task/index.php(13): CApplication->run()
#3 {main}
REQUEST_URI=/books_task/index.php/task/index
HTTP_REFERER=http://localhost/books_task/index.php/site/index
---
2016/07/16 00:06:09 [error] [exception.CHttpException.404] CHttpException: Невозможно обработать запрос "task/index". in /var/www/html/task_books_yii1/framework/web/CWebApplication.php:286
Stack trace:
#0 /var/www/html/task_books_yii1/framework/web/CWebApplication.php(141): CWebApplication->runController('task/index')
#1 /var/www/html/task_books_yii1/framework/base/CApplication.php(169): CWebApplication->processRequest()
#2 /var/www/html/books_task/index.php(13): CApplication->run()
#3 {main}
REQUEST_URI=/books_task/index.php/task/index
HTTP_REFERER=http://localhost/books_task/index.php
---
2016/07/16 00:06:13 [error] [exception.CHttpException.404] CHttpException: Невозможно обработать запрос "task/index". in /var/www/html/task_books_yii1/framework/web/CWebApplication.php:286
Stack trace:
#0 /var/www/html/task_books_yii1/framework/web/CWebApplication.php(141): CWebApplication->runController('task/index')
#1 /var/www/html/task_books_yii1/framework/base/CApplication.php(169): CWebApplication->processRequest()
#2 /var/www/html/books_task/index.php(13): CApplication->run()
#3 {main}
REQUEST_URI=/books_task/index.php/task/index
HTTP_REFERER=http://localhost/books_task/index.php
---
2016/07/16 00:06:23 [error] [exception.CHttpException.404] CHttpException: Невозможно обработать запрос "task/index". in /var/www/html/task_books_yii1/framework/web/CWebApplication.php:286
Stack trace:
#0 /var/www/html/task_books_yii1/framework/web/CWebApplication.php(141): CWebApplication->runController('task/index')
#1 /var/www/html/task_books_yii1/framework/base/CApplication.php(169): CWebApplication->processRequest()
#2 /var/www/html/books_task/index.php(13): CApplication->run()
#3 {main}
REQUEST_URI=/books_task/index.php/task/index
HTTP_REFERER=http://localhost/books_task/index.php
---
